Using pre-set license
Built from '2020.3/staging' branch; Version is '2020.3.16f1 (049d6eca3c44) revision 302446'; Using compiler version '192528614'; Build Type 'Release'
OS: 'Windows 10 Home Single Language; OS build 19042.1348; Version 2009; 64bit' Language: 'pt' Physical Memory: 8005 MB
BatchMode: 1, IsHumanControllingUs: 0, StartBugReporterOnCrash: 0, Is64bit: 1, IsPro: 0

 COMMAND LINE ARGUMENTS:
C:\Program Files\Unity\Hub\Editor\2020.3.16f1\Editor\Unity.exe
-adb2
-batchMode
-noUpm
-name
AssetImportWorker2
-projectPath
C:/Users/carol/Documents/Ana Carolina/PUC-MinasCC/QuartoPeriodo/ti4/Jogo-oficial/TI-4/strike-the-enemy
-logFile
Logs/AssetImportWorker2.log
-srvPort
64111
Successfully changed project path to: C:/Users/carol/Documents/Ana Carolina/PUC-MinasCC/QuartoPeriodo/ti4/Jogo-oficial/TI-4/strike-the-enemy
C:/Users/carol/Documents/Ana Carolina/PUC-MinasCC/QuartoPeriodo/ti4/Jogo-oficial/TI-4/strike-the-enemy
Using Asset Import Pipeline V2.
Refreshing native plugins compatible for Editor in 37.30 ms, found 2 plugins.
Preloading 0 native plugins for Editor in 0.00 ms.
Initialize engine version: 2020.3.16f1 (049d6eca3c44)
[Subsystems] Discovering subsystems at path C:/Program Files/Unity/Hub/Editor/2020.3.16f1/Editor/Data/Resources/UnitySubsystems
[Subsystems] Discovering subsystems at path C:/Users/carol/Documents/Ana Carolina/PUC-MinasCC/QuartoPeriodo/ti4/Jogo-oficial/TI-4/strike-the-enemy/Assets
GfxDevice: creating device client; threaded=0
Direct3D:
    Version:  Direct3D 11.0 [level 11.0]
    Renderer: NVIDIA GeForce MX110 (ID=0x174e)
    Vendor:   
    VRAM:     2010 MB
    Driver:   27.21.14.5167
Initialize mono
Mono path[0] = 'C:/Program Files/Unity/Hub/Editor/2020.3.16f1/Editor/Data/Managed'
Mono path[1] = 'C:/Program Files/Unity/Hub/Editor/2020.3.16f1/Editor/Data/MonoBleedingEdge/lib/mono/unityjit'
Mono config path = 'C:/Program Files/Unity/Hub/Editor/2020.3.16f1/Editor/Data/MonoBleedingEdge/etc'
Using monoOptions --debugger-agent=transport=dt_socket,embedding=1,server=y,suspend=n,address=127.0.0.1:56404
Begin MonoManager ReloadAssembly
Registering precompiled unity dll's ...
Register platform support module: C:/Program Files/Unity/Hub/Editor/2020.3.16f1/Editor/Data/PlaybackEngines/WebGLSupport/UnityEditor.WebGL.Extensions.dll
Register platform support module: C:/Program Files/Unity/Hub/Editor/2020.3.16f1/Editor/Data/PlaybackEngines/WindowsStandaloneSupport/UnityEditor.WindowsStandalone.Extensions.dll
Registered in 0.002392 seconds.
Native extension for WindowsStandalone target not found
Native extension for WebGL target not found
Refreshing native plugins compatible for Editor in 32.05 ms, found 2 plugins.
Preloading 0 native plugins for Editor in 0.00 ms.
Mono: successfully reloaded assembly
- Completed reload, in  1.285 seconds
Domain Reload Profiling:
	ReloadAssembly (1285ms)
		BeginReloadAssembly (70ms)
			ExecutionOrderSort (0ms)
			DisableScriptedObjects (0ms)
			BackupInstance (0ms)
			ReleaseScriptingObjects (0ms)
			CreateAndSetChildDomain (1ms)
		EndReloadAssembly (495ms)
			LoadAssemblies (68ms)
			RebuildTransferFunctionScriptingTraits (0ms)
			SetupTypeCache (144ms)
			ReleaseScriptCaches (0ms)
			RebuildScriptCaches (29ms)
			SetupLoadedEditorAssemblies (151ms)
				LogAssemblyErrors (0ms)
				InitializePlatformSupportModulesInManaged (5ms)
				SetLoadedEditorAssemblies (0ms)
				RefreshPlugins (32ms)
				BeforeProcessingInitializeOnLoad (9ms)
				ProcessInitializeOnLoadAttributes (78ms)
				ProcessInitializeOnLoadMethodAttributes (26ms)
				AfterProcessingInitializeOnLoad (0ms)
				EditorAssembliesLoaded (0ms)
			ExecutionOrderSort2 (0ms)
			AwakeInstancesAfterBackupRestoration (0ms)
Platform modules already initialized, skipping
Registering precompiled user dll's ...
Registered in 0.005679 seconds.
Begin MonoManager ReloadAssembly
Native extension for WindowsStandalone target not found
Native extension for WebGL target not found
Refreshing native plugins compatible for Editor in 0.44 ms, found 2 plugins.
Preloading 0 native plugins for Editor in 0.00 ms.
Mono: successfully reloaded assembly
- Completed reload, in  2.354 seconds
Domain Reload Profiling:
	ReloadAssembly (2355ms)
		BeginReloadAssembly (141ms)
			ExecutionOrderSort (0ms)
			DisableScriptedObjects (5ms)
			BackupInstance (0ms)
			ReleaseScriptingObjects (0ms)
			CreateAndSetChildDomain (21ms)
		EndReloadAssembly (2149ms)
			LoadAssemblies (1247ms)
			RebuildTransferFunctionScriptingTraits (0ms)
			SetupTypeCache (288ms)
			ReleaseScriptCaches (0ms)
			RebuildScriptCaches (40ms)
			SetupLoadedEditorAssemblies (484ms)
				LogAssemblyErrors (0ms)
				InitializePlatformSupportModulesInManaged (7ms)
				SetLoadedEditorAssemblies (1ms)
				RefreshPlugins (1ms)
				BeforeProcessingInitializeOnLoad (55ms)
				ProcessInitializeOnLoadAttributes (411ms)
				ProcessInitializeOnLoadMethodAttributes (4ms)
				AfterProcessingInitializeOnLoad (6ms)
				EditorAssembliesLoaded (0ms)
			ExecutionOrderSort2 (0ms)
			AwakeInstancesAfterBackupRestoration (9ms)
Platform modules already initialized, skipping
========================================================================
Worker process is ready to serve import requests
Launched and connected shader compiler UnityShaderCompiler.exe after 0.40 seconds
Refreshing native plugins compatible for Editor in 0.39 ms, found 2 plugins.
Preloading 0 native plugins for Editor in 0.00 ms.
Unloading 1433 Unused Serialized files (Serialized files now loaded: 0)
System memory in use before: 71.4 MB.
System memory in use after: 71.4 MB.

Unloading 20 unused Assets to reduce memory usage. Loaded Objects now: 1872.
Total: 2.467000 ms (FindLiveObjects: 0.150700 ms CreateObjectMapping: 0.054800 ms MarkObjects: 2.182600 ms  DeleteObjects: 0.077800 ms)

AssetImportParameters requested are different than current active one (requested -> active):
  custom:framework-win-MediaFoundation: 216162199b28c13a410421893ffa2e32 -> 
  custom:video-decoder-ogg-theora: a1e56fd34408186e4bbccfd4996cb3dc -> 
  custom:container-muxer-webm: aa71ff27fc2769a1b78a27578f13a17b -> 
  custom:container-demuxer-webm: 4f35f7cbe854078d1ac9338744f61a02 -> 
  custom:container-demuxer-ogg: 62fdf1f143b41e24485cea50d1cbac27 -> 
  custom:video-encoder-webm-vp8: eb34c28f22e8b96e1ab97ce403110664 -> 
  custom:video-codec-MediaFoundation-h265: 746d11721c4dcdbdad8f713fa42b33f4 -> 
  custom:video-decoder-webm-vp8: 9c59270c3fd7afecdb556c50c9e8de78 -> 
  custom:audio-decoder-ogg-vorbis: bf7c407c2cedff20999df2af8eb42d56 -> 
  custom:audio-encoder-webm-vorbis: bf7c407c2cedff20999df2af8eb42d56 -> 
========================================================================
Received Import Request.
  path: Assets/ChatteringTeeth/Chattering_Teeth_Normal_512.tga
  artifactKey: Guid(a1b253746995d5648b83312fd9b87b58) Importer(815301076,1909f56bfc062723c751e8b465ee728b)
Start importing Assets/ChatteringTeeth/Chattering_Teeth_Normal_512.tga using Guid(a1b253746995d5648b83312fd9b87b58) Importer(815301076,1909f56bfc062723c751e8b465ee728b)  -> (artifact id: '44f8ebb4a01e266eaaf3f282f5a644d8') in 0.327625 seconds 
  Import took 0.359239 seconds .

========================================================================
Received Import Request.
  Time since last request: 0.000290 seconds.
  path: Assets/ChatteringTeeth/Texture
  artifactKey: Guid(b1c3d1a3d82240c4b8ee4f85af5b7344) Importer(815301076,1909f56bfc062723c751e8b465ee728b)
Start importing Assets/ChatteringTeeth/Texture using Guid(b1c3d1a3d82240c4b8ee4f85af5b7344) Importer(815301076,1909f56bfc062723c751e8b465ee728b)  -> (artifact id: '1141dd65d5b6629d0c36351df338da45') in 0.003308 seconds 
  Import took 0.014290 seconds .

========================================================================
Received Import Request.
  Time since last request: 0.000359 seconds.
  path: Assets/ChatteringTeeth/Texture/ChatteringTeeth_Diffuse.tga
  artifactKey: Guid(cd8e723daa2bdef43a8ae89a071541dd) Importer(815301076,1909f56bfc062723c751e8b465ee728b)
Start importing Assets/ChatteringTeeth/Texture/ChatteringTeeth_Diffuse.tga using Guid(cd8e723daa2bdef43a8ae89a071541dd) Importer(815301076,1909f56bfc062723c751e8b465ee728b)  -> (artifact id: 'b24d961a697bbc7bb5e0533009dc387d') in 0.014743 seconds 
  Import took 0.059919 seconds .

========================================================================
Received Import Request.
  Time since last request: 0.000221 seconds.
  path: Assets/ChatteringTeeth/Materials
  artifactKey: Guid(9a8cde66e7f3ff94f966b5ae9c6c16e9) Importer(815301076,1909f56bfc062723c751e8b465ee728b)
Start importing Assets/ChatteringTeeth/Materials using Guid(9a8cde66e7f3ff94f966b5ae9c6c16e9) Importer(815301076,1909f56bfc062723c751e8b465ee728b)  -> (artifact id: '5f8b865956be102b65aa934381f98a26') in 0.036004 seconds 
  Import took 0.052975 seconds .

========================================================================
Received Import Request.
  Time since last request: 0.001149 seconds.
  path: Assets/ChatteringTeeth/ChatteringTeeth_LOD1.FBX
  artifactKey: Guid(be87b2d1c2f6f6246b635591da297996) Importer(815301076,1909f56bfc062723c751e8b465ee728b)
Start importing Assets/ChatteringTeeth/ChatteringTeeth_LOD1.FBX using Guid(be87b2d1c2f6f6246b635591da297996) Importer(815301076,1909f56bfc062723c751e8b465ee728b)  -> (artifact id: '6e4aaae50718db0abfaa7768539f9b9f') in 0.471234 seconds 
  Import took 0.492760 seconds .

========================================================================
Received Import Request.
  Time since last request: 0.000238 seconds.
  path: Assets/ChatteringTeeth/ChatteringTeeth_LOD0.FBX
  artifactKey: Guid(fd231033132ddb14ca04d5f749be4372) Importer(815301076,1909f56bfc062723c751e8b465ee728b)
Start importing Assets/ChatteringTeeth/ChatteringTeeth_LOD0.FBX using Guid(fd231033132ddb14ca04d5f749be4372) Importer(815301076,1909f56bfc062723c751e8b465ee728b)  -> (artifact id: 'd5571bd52ea2bbc7bb901b790da0e2cf') in 0.073784 seconds 
  Import took 0.108487 seconds .

========================================================================
Received Import Request.
  Time since last request: 0.000284 seconds.
  path: Assets/ChatteringTeeth/ChatteringTeeth_Diffuse_512.tga
  artifactKey: Guid(d98af421eaf875b419c24f0985e86703) Importer(815301076,1909f56bfc062723c751e8b465ee728b)
Start importing Assets/ChatteringTeeth/ChatteringTeeth_Diffuse_512.tga using Guid(d98af421eaf875b419c24f0985e86703) Importer(815301076,1909f56bfc062723c751e8b465ee728b)  -> (artifact id: '8d93e53a330b32a275b97042c6dfedc2') in 0.009021 seconds 
  Import took 0.051307 seconds .

========================================================================
Received Import Request.
  Time since last request: 0.000665 seconds.
  path: Assets/ChatteringTeeth
  artifactKey: Guid(f024d253608d5fe428d3a5dbebb51199) Importer(815301076,1909f56bfc062723c751e8b465ee728b)
Start importing Assets/ChatteringTeeth using Guid(f024d253608d5fe428d3a5dbebb51199) Importer(815301076,1909f56bfc062723c751e8b465ee728b)  -> (artifact id: 'a981a0a727e7b31f914bae2c7fbccbea') in 0.002706 seconds 
  Import took 0.014893 seconds .

========================================================================
Received Prepare
Registering precompiled user dll's ...
Registered in 1.305328 seconds.
Begin MonoManager ReloadAssembly
Native extension for WindowsStandalone target not found
Native extension for WebGL target not found
Refreshing native plugins compatible for Editor in 0.35 ms, found 2 plugins.
Preloading 0 native plugins for Editor in 0.00 ms.
Mono: successfully reloaded assembly
- Completed reload, in  2.967 seconds
Domain Reload Profiling:
	ReloadAssembly (2967ms)
		BeginReloadAssembly (125ms)
			ExecutionOrderSort (0ms)
			DisableScriptedObjects (4ms)
			BackupInstance (0ms)
			ReleaseScriptingObjects (0ms)
			CreateAndSetChildDomain (38ms)
		EndReloadAssembly (2775ms)
			LoadAssemblies (1953ms)
			RebuildTransferFunctionScriptingTraits (0ms)
			SetupTypeCache (264ms)
			ReleaseScriptCaches (1ms)
			RebuildScriptCaches (43ms)
			SetupLoadedEditorAssemblies (440ms)
				LogAssemblyErrors (0ms)
				InitializePlatformSupportModulesInManaged (6ms)
				SetLoadedEditorAssemblies (0ms)
				RefreshPlugins (0ms)
				BeforeProcessingInitializeOnLoad (52ms)
				ProcessInitializeOnLoadAttributes (372ms)
				ProcessInitializeOnLoadMethodAttributes (3ms)
				AfterProcessingInitializeOnLoad (6ms)
				EditorAssembliesLoaded (0ms)
			ExecutionOrderSort2 (0ms)
			AwakeInstancesAfterBackupRestoration (6ms)
Platform modules already initialized, skipping
Refreshing native plugins compatible for Editor in 0.43 ms, found 2 plugins.
Preloading 0 native plugins for Editor in 0.00 ms.
Unloading 1413 Unused Serialized files (Serialized files now loaded: 0)
System memory in use before: 73.1 MB.
System memory in use after: 73.2 MB.

Unloading 15 unused Assets to reduce memory usage. Loaded Objects now: 1887.
Total: 3.032200 ms (FindLiveObjects: 0.143100 ms CreateObjectMapping: 0.041900 ms MarkObjects: 2.748500 ms  DeleteObjects: 0.097000 ms)

AssetImportParameters requested are different than current active one (requested -> active):
  custom:framework-win-MediaFoundation: 216162199b28c13a410421893ffa2e32 -> 
  custom:video-decoder-ogg-theora: a1e56fd34408186e4bbccfd4996cb3dc -> 
  custom:container-muxer-webm: aa71ff27fc2769a1b78a27578f13a17b -> 
  custom:container-demuxer-webm: 4f35f7cbe854078d1ac9338744f61a02 -> 
  custom:container-demuxer-ogg: 62fdf1f143b41e24485cea50d1cbac27 -> 
  custom:video-encoder-webm-vp8: eb34c28f22e8b96e1ab97ce403110664 -> 
  custom:video-codec-MediaFoundation-h265: 746d11721c4dcdbdad8f713fa42b33f4 -> 
  custom:video-decoder-webm-vp8: 9c59270c3fd7afecdb556c50c9e8de78 -> 
  custom:audio-decoder-ogg-vorbis: bf7c407c2cedff20999df2af8eb42d56 -> 
  custom:audio-encoder-webm-vorbis: bf7c407c2cedff20999df2af8eb42d56 -> 
========================================================================
Received Import Request.
  Time since last request: 433.054434 seconds.
  path: Assets/Scripts/Extensions.cs
  artifactKey: Guid(4504ffb94fba9ed4cb94274195c7d4cd) Importer(815301076,1909f56bfc062723c751e8b465ee728b)
Start importing Assets/Scripts/Extensions.cs using Guid(4504ffb94fba9ed4cb94274195c7d4cd) Importer(815301076,1909f56bfc062723c751e8b465ee728b)  -> (artifact id: 'c72c4f8324fe96d068d99b336f16ed3d') in 0.193266 seconds 
  Import took 0.313855 seconds .

========================================================================
Received Prepare
Registering precompiled user dll's ...
Registered in 0.069634 seconds.
Begin MonoManager ReloadAssembly
Native extension for WindowsStandalone target not found
Native extension for WebGL target not found
Refreshing native plugins compatible for Editor in 0.59 ms, found 2 plugins.
Preloading 0 native plugins for Editor in 0.00 ms.
Mono: successfully reloaded assembly
- Completed reload, in  0.997 seconds
Domain Reload Profiling:
	ReloadAssembly (998ms)
		BeginReloadAssembly (108ms)
			ExecutionOrderSort (0ms)
			DisableScriptedObjects (5ms)
			BackupInstance (0ms)
			ReleaseScriptingObjects (0ms)
			CreateAndSetChildDomain (28ms)
		EndReloadAssembly (830ms)
			LoadAssemblies (101ms)
			RebuildTransferFunctionScriptingTraits (0ms)
			SetupTypeCache (255ms)
			ReleaseScriptCaches (1ms)
			RebuildScriptCaches (35ms)
			SetupLoadedEditorAssemblies (352ms)
				LogAssemblyErrors (0ms)
				InitializePlatformSupportModulesInManaged (6ms)
				SetLoadedEditorAssemblies (0ms)
				RefreshPlugins (1ms)
				BeforeProcessingInitializeOnLoad (48ms)
				ProcessInitializeOnLoadAttributes (287ms)
				ProcessInitializeOnLoadMethodAttributes (3ms)
				AfterProcessingInitializeOnLoad (6ms)
				EditorAssembliesLoaded (0ms)
			ExecutionOrderSort2 (0ms)
			AwakeInstancesAfterBackupRestoration (6ms)
Platform modules already initialized, skipping
Refreshing native plugins compatible for Editor in 1.20 ms, found 2 plugins.
Preloading 0 native plugins for Editor in 0.00 ms.
Unloading 1413 Unused Serialized files (Serialized files now loaded: 0)
System memory in use before: 73.2 MB.
System memory in use after: 73.3 MB.

Unloading 15 unused Assets to reduce memory usage. Loaded Objects now: 1889.
Total: 4.951800 ms (FindLiveObjects: 0.416600 ms CreateObjectMapping: 0.114700 ms MarkObjects: 4.351600 ms  DeleteObjects: 0.067100 ms)

AssetImportParameters requested are different than current active one (requested -> active):
  custom:framework-win-MediaFoundation: 216162199b28c13a410421893ffa2e32 -> 
  custom:video-decoder-ogg-theora: a1e56fd34408186e4bbccfd4996cb3dc -> 
  custom:container-muxer-webm: aa71ff27fc2769a1b78a27578f13a17b -> 
  custom:container-demuxer-webm: 4f35f7cbe854078d1ac9338744f61a02 -> 
  custom:container-demuxer-ogg: 62fdf1f143b41e24485cea50d1cbac27 -> 
  custom:video-encoder-webm-vp8: eb34c28f22e8b96e1ab97ce403110664 -> 
  custom:video-codec-MediaFoundation-h265: 746d11721c4dcdbdad8f713fa42b33f4 -> 
  custom:video-decoder-webm-vp8: 9c59270c3fd7afecdb556c50c9e8de78 -> 
  custom:audio-decoder-ogg-vorbis: bf7c407c2cedff20999df2af8eb42d56 -> 
  custom:audio-encoder-webm-vorbis: bf7c407c2cedff20999df2af8eb42d56 -> 
========================================================================
Received Prepare
Registering precompiled user dll's ...
Registered in 0.026247 seconds.
Begin MonoManager ReloadAssembly
Native extension for WindowsStandalone target not found
Native extension for WebGL target not found
Refreshing native plugins compatible for Editor in 0.53 ms, found 2 plugins.
Preloading 0 native plugins for Editor in 0.00 ms.
Mono: successfully reloaded assembly
- Completed reload, in  1.760 seconds
Domain Reload Profiling:
	ReloadAssembly (1760ms)
		BeginReloadAssembly (172ms)
			ExecutionOrderSort (0ms)
			DisableScriptedObjects (7ms)
			BackupInstance (0ms)
			ReleaseScriptingObjects (0ms)
			CreateAndSetChildDomain (52ms)
		EndReloadAssembly (1500ms)
			LoadAssemblies (147ms)
			RebuildTransferFunctionScriptingTraits (0ms)
			SetupTypeCache (432ms)
			ReleaseScriptCaches (1ms)
			RebuildScriptCaches (57ms)
			SetupLoadedEditorAssemblies (734ms)
				LogAssemblyErrors (0ms)
				InitializePlatformSupportModulesInManaged (9ms)
				SetLoadedEditorAssemblies (1ms)
				RefreshPlugins (1ms)
				BeforeProcessingInitializeOnLoad (78ms)
				ProcessInitializeOnLoadAttributes (629ms)
				ProcessInitializeOnLoadMethodAttributes (7ms)
				AfterProcessingInitializeOnLoad (10ms)
				EditorAssembliesLoaded (0ms)
			ExecutionOrderSort2 (0ms)
			AwakeInstancesAfterBackupRestoration (8ms)
Platform modules already initialized, skipping
Refreshing native plugins compatible for Editor in 0.90 ms, found 2 plugins.
Preloading 0 native plugins for Editor in 0.00 ms.
Unloading 1413 Unused Serialized files (Serialized files now loaded: 0)
System memory in use before: 73.2 MB.
System memory in use after: 73.3 MB.

Unloading 15 unused Assets to reduce memory usage. Loaded Objects now: 1891.
Total: 2.627400 ms (FindLiveObjects: 0.190500 ms CreateObjectMapping: 0.059200 ms MarkObjects: 2.324400 ms  DeleteObjects: 0.052000 ms)

AssetImportParameters requested are different than current active one (requested -> active):
  custom:framework-win-MediaFoundation: 216162199b28c13a410421893ffa2e32 -> 
  custom:video-decoder-ogg-theora: a1e56fd34408186e4bbccfd4996cb3dc -> 
  custom:container-muxer-webm: aa71ff27fc2769a1b78a27578f13a17b -> 
  custom:container-demuxer-webm: 4f35f7cbe854078d1ac9338744f61a02 -> 
  custom:container-demuxer-ogg: 62fdf1f143b41e24485cea50d1cbac27 -> 
  custom:video-encoder-webm-vp8: eb34c28f22e8b96e1ab97ce403110664 -> 
  custom:video-codec-MediaFoundation-h265: 746d11721c4dcdbdad8f713fa42b33f4 -> 
  custom:video-decoder-webm-vp8: 9c59270c3fd7afecdb556c50c9e8de78 -> 
  custom:audio-decoder-ogg-vorbis: bf7c407c2cedff20999df2af8eb42d56 -> 
  custom:audio-encoder-webm-vorbis: bf7c407c2cedff20999df2af8eb42d56 -> 
========================================================================
Received Prepare
Registering precompiled user dll's ...
Registered in 0.004338 seconds.
Begin MonoManager ReloadAssembly
Native extension for WindowsStandalone target not found
Native extension for WebGL target not found
Refreshing native plugins compatible for Editor in 0.34 ms, found 2 plugins.
Preloading 0 native plugins for Editor in 0.00 ms.
Mono: successfully reloaded assembly
- Completed reload, in  1.012 seconds
Domain Reload Profiling:
	ReloadAssembly (1013ms)
		BeginReloadAssembly (122ms)
			ExecutionOrderSort (0ms)
			DisableScriptedObjects (6ms)
			BackupInstance (0ms)
			ReleaseScriptingObjects (0ms)
			CreateAndSetChildDomain (31ms)
		EndReloadAssembly (826ms)
			LoadAssemblies (100ms)
			RebuildTransferFunctionScriptingTraits (0ms)
			SetupTypeCache (266ms)
			ReleaseScriptCaches (1ms)
			RebuildScriptCaches (36ms)
			SetupLoadedEditorAssemblies (345ms)
				LogAssemblyErrors (0ms)
				InitializePlatformSupportModulesInManaged (6ms)
				SetLoadedEditorAssemblies (0ms)
				RefreshPlugins (0ms)
				BeforeProcessingInitializeOnLoad (50ms)
				ProcessInitializeOnLoadAttributes (279ms)
				ProcessInitializeOnLoadMethodAttributes (3ms)
				AfterProcessingInitializeOnLoad (7ms)
				EditorAssembliesLoaded (0ms)
			ExecutionOrderSort2 (0ms)
			AwakeInstancesAfterBackupRestoration (7ms)
Platform modules already initialized, skipping
Refreshing native plugins compatible for Editor in 0.37 ms, found 2 plugins.
Preloading 0 native plugins for Editor in 0.00 ms.
Unloading 1413 Unused Serialized files (Serialized files now loaded: 0)
System memory in use before: 73.2 MB.
System memory in use after: 73.3 MB.

Unloading 15 unused Assets to reduce memory usage. Loaded Objects now: 1893.
Total: 2.375700 ms (FindLiveObjects: 0.145000 ms CreateObjectMapping: 0.046400 ms MarkObjects: 2.135400 ms  DeleteObjects: 0.048000 ms)

AssetImportParameters requested are different than current active one (requested -> active):
  custom:framework-win-MediaFoundation: 216162199b28c13a410421893ffa2e32 -> 
  custom:video-decoder-ogg-theora: a1e56fd34408186e4bbccfd4996cb3dc -> 
  custom:container-muxer-webm: aa71ff27fc2769a1b78a27578f13a17b -> 
  custom:container-demuxer-webm: 4f35f7cbe854078d1ac9338744f61a02 -> 
  custom:container-demuxer-ogg: 62fdf1f143b41e24485cea50d1cbac27 -> 
  custom:video-encoder-webm-vp8: eb34c28f22e8b96e1ab97ce403110664 -> 
  custom:video-codec-MediaFoundation-h265: 746d11721c4dcdbdad8f713fa42b33f4 -> 
  custom:video-decoder-webm-vp8: 9c59270c3fd7afecdb556c50c9e8de78 -> 
  custom:audio-decoder-ogg-vorbis: bf7c407c2cedff20999df2af8eb42d56 -> 
  custom:audio-encoder-webm-vorbis: bf7c407c2cedff20999df2af8eb42d56 -> 
========================================================================
Received Prepare
Registering precompiled user dll's ...
Registered in 0.004102 seconds.
Begin MonoManager ReloadAssembly
Native extension for WindowsStandalone target not found
Native extension for WebGL target not found
Refreshing native plugins compatible for Editor in 0.60 ms, found 2 plugins.
Preloading 0 native plugins for Editor in 0.00 ms.
Mono: successfully reloaded assembly
- Completed reload, in  0.950 seconds
Domain Reload Profiling:
	ReloadAssembly (950ms)
		BeginReloadAssembly (111ms)
			ExecutionOrderSort (0ms)
			DisableScriptedObjects (7ms)
			BackupInstance (0ms)
			ReleaseScriptingObjects (0ms)
			CreateAndSetChildDomain (31ms)
		EndReloadAssembly (777ms)
			LoadAssemblies (83ms)
			RebuildTransferFunctionScriptingTraits (0ms)
			SetupTypeCache (239ms)
			ReleaseScriptCaches (1ms)
			RebuildScriptCaches (36ms)
			SetupLoadedEditorAssemblies (334ms)
				LogAssemblyErrors (0ms)
				InitializePlatformSupportModulesInManaged (8ms)
				SetLoadedEditorAssemblies (1ms)
				RefreshPlugins (1ms)
				BeforeProcessingInitializeOnLoad (58ms)
				ProcessInitializeOnLoadAttributes (258ms)
				ProcessInitializeOnLoadMethodAttributes (3ms)
				AfterProcessingInitializeOnLoad (6ms)
				EditorAssembliesLoaded (0ms)
			ExecutionOrderSort2 (0ms)
			AwakeInstancesAfterBackupRestoration (6ms)
Platform modules already initialized, skipping
Refreshing native plugins compatible for Editor in 0.36 ms, found 2 plugins.
Preloading 0 native plugins for Editor in 0.00 ms.
Unloading 1413 Unused Serialized files (Serialized files now loaded: 0)
System memory in use before: 73.2 MB.
System memory in use after: 73.3 MB.

Unloading 15 unused Assets to reduce memory usage. Loaded Objects now: 1895.
Total: 2.359500 ms (FindLiveObjects: 0.142800 ms CreateObjectMapping: 0.043600 ms MarkObjects: 2.123700 ms  DeleteObjects: 0.048500 ms)

AssetImportParameters requested are different than current active one (requested -> active):
  custom:framework-win-MediaFoundation: 216162199b28c13a410421893ffa2e32 -> 
  custom:video-decoder-ogg-theora: a1e56fd34408186e4bbccfd4996cb3dc -> 
  custom:container-muxer-webm: aa71ff27fc2769a1b78a27578f13a17b -> 
  custom:container-demuxer-webm: 4f35f7cbe854078d1ac9338744f61a02 -> 
  custom:container-demuxer-ogg: 62fdf1f143b41e24485cea50d1cbac27 -> 
  custom:video-encoder-webm-vp8: eb34c28f22e8b96e1ab97ce403110664 -> 
  custom:video-codec-MediaFoundation-h265: 746d11721c4dcdbdad8f713fa42b33f4 -> 
  custom:video-decoder-webm-vp8: 9c59270c3fd7afecdb556c50c9e8de78 -> 
  custom:audio-decoder-ogg-vorbis: bf7c407c2cedff20999df2af8eb42d56 -> 
  custom:audio-encoder-webm-vorbis: bf7c407c2cedff20999df2af8eb42d56 -> 
========================================================================
Received Prepare
Registering precompiled user dll's ...
Registered in 0.004362 seconds.
Begin MonoManager ReloadAssembly
Native extension for WindowsStandalone target not found
Native extension for WebGL target not found
Refreshing native plugins compatible for Editor in 0.45 ms, found 2 plugins.
Preloading 0 native plugins for Editor in 0.00 ms.
Mono: successfully reloaded assembly
- Completed reload, in  1.411 seconds
Domain Reload Profiling:
	ReloadAssembly (1411ms)
		BeginReloadAssembly (139ms)
			ExecutionOrderSort (0ms)
			DisableScriptedObjects (7ms)
			BackupInstance (0ms)
			ReleaseScriptingObjects (0ms)
			CreateAndSetChildDomain (41ms)
		EndReloadAssembly (1185ms)
			LoadAssemblies (124ms)
			RebuildTransferFunctionScriptingTraits (0ms)
			SetupTypeCache (381ms)
			ReleaseScriptCaches (1ms)
			RebuildScriptCaches (65ms)
			SetupLoadedEditorAssemblies (480ms)
				LogAssemblyErrors (0ms)
				InitializePlatformSupportModulesInManaged (8ms)
				SetLoadedEditorAssemblies (1ms)
				RefreshPlugins (1ms)
				BeforeProcessingInitializeOnLoad (73ms)
				ProcessInitializeOnLoadAttributes (385ms)
				ProcessInitializeOnLoadMethodAttributes (4ms)
				AfterProcessingInitializeOnLoad (9ms)
				EditorAssembliesLoaded (0ms)
			ExecutionOrderSort2 (0ms)
			AwakeInstancesAfterBackupRestoration (8ms)
Platform modules already initialized, skipping
Refreshing native plugins compatible for Editor in 0.45 ms, found 2 plugins.
Preloading 0 native plugins for Editor in 0.00 ms.
Unloading 1413 Unused Serialized files (Serialized files now loaded: 0)
System memory in use before: 73.2 MB.
System memory in use after: 73.3 MB.

Unloading 15 unused Assets to reduce memory usage. Loaded Objects now: 1897.
Total: 3.100700 ms (FindLiveObjects: 0.176100 ms CreateObjectMapping: 0.057300 ms MarkObjects: 2.803000 ms  DeleteObjects: 0.062900 ms)

AssetImportParameters requested are different than current active one (requested -> active):
  custom:framework-win-MediaFoundation: 216162199b28c13a410421893ffa2e32 -> 
  custom:video-decoder-ogg-theora: a1e56fd34408186e4bbccfd4996cb3dc -> 
  custom:container-muxer-webm: aa71ff27fc2769a1b78a27578f13a17b -> 
  custom:container-demuxer-webm: 4f35f7cbe854078d1ac9338744f61a02 -> 
  custom:container-demuxer-ogg: 62fdf1f143b41e24485cea50d1cbac27 -> 
  custom:video-encoder-webm-vp8: eb34c28f22e8b96e1ab97ce403110664 -> 
  custom:video-codec-MediaFoundation-h265: 746d11721c4dcdbdad8f713fa42b33f4 -> 
  custom:video-decoder-webm-vp8: 9c59270c3fd7afecdb556c50c9e8de78 -> 
  custom:audio-decoder-ogg-vorbis: bf7c407c2cedff20999df2af8eb42d56 -> 
  custom:audio-encoder-webm-vorbis: bf7c407c2cedff20999df2af8eb42d56 -> 
========================================================================
Received Prepare
Registering precompiled user dll's ...
Registered in 0.006793 seconds.
Begin MonoManager ReloadAssembly
Native extension for WindowsStandalone target not found
Native extension for WebGL target not found
Refreshing native plugins compatible for Editor in 0.57 ms, found 2 plugins.
Preloading 0 native plugins for Editor in 0.00 ms.
Mono: successfully reloaded assembly
- Completed reload, in  1.067 seconds
Domain Reload Profiling:
	ReloadAssembly (1068ms)
		BeginReloadAssembly (108ms)
			ExecutionOrderSort (0ms)
			DisableScriptedObjects (4ms)
			BackupInstance (0ms)
			ReleaseScriptingObjects (0ms)
			CreateAndSetChildDomain (29ms)
		EndReloadAssembly (894ms)
			LoadAssemblies (93ms)
			RebuildTransferFunctionScriptingTraits (0ms)
			SetupTypeCache (318ms)
			ReleaseScriptCaches (1ms)
			RebuildScriptCaches (36ms)
			SetupLoadedEditorAssemblies (359ms)
				LogAssemblyErrors (0ms)
				InitializePlatformSupportModulesInManaged (8ms)
				SetLoadedEditorAssemblies (1ms)
				RefreshPlugins (1ms)
				BeforeProcessingInitializeOnLoad (49ms)
				ProcessInitializeOnLoadAttributes (288ms)
				ProcessInitializeOnLoadMethodAttributes (5ms)
				AfterProcessingInitializeOnLoad (7ms)
				EditorAssembliesLoaded (0ms)
			ExecutionOrderSort2 (0ms)
			AwakeInstancesAfterBackupRestoration (7ms)
Platform modules already initialized, skipping
Refreshing native plugins compatible for Editor in 0.43 ms, found 2 plugins.
Preloading 0 native plugins for Editor in 0.00 ms.
Unloading 1413 Unused Serialized files (Serialized files now loaded: 0)
System memory in use before: 73.2 MB.
System memory in use after: 73.3 MB.

Unloading 15 unused Assets to reduce memory usage. Loaded Objects now: 1899.
Total: 3.426400 ms (FindLiveObjects: 0.330400 ms CreateObjectMapping: 0.065200 ms MarkObjects: 2.961400 ms  DeleteObjects: 0.066900 ms)

AssetImportParameters requested are different than current active one (requested -> active):
  custom:framework-win-MediaFoundation: 216162199b28c13a410421893ffa2e32 -> 
  custom:video-decoder-ogg-theora: a1e56fd34408186e4bbccfd4996cb3dc -> 
  custom:container-muxer-webm: aa71ff27fc2769a1b78a27578f13a17b -> 
  custom:container-demuxer-webm: 4f35f7cbe854078d1ac9338744f61a02 -> 
  custom:container-demuxer-ogg: 62fdf1f143b41e24485cea50d1cbac27 -> 
  custom:video-encoder-webm-vp8: eb34c28f22e8b96e1ab97ce403110664 -> 
  custom:video-codec-MediaFoundation-h265: 746d11721c4dcdbdad8f713fa42b33f4 -> 
  custom:video-decoder-webm-vp8: 9c59270c3fd7afecdb556c50c9e8de78 -> 
  custom:audio-decoder-ogg-vorbis: bf7c407c2cedff20999df2af8eb42d56 -> 
  custom:audio-encoder-webm-vorbis: bf7c407c2cedff20999df2af8eb42d56 -> 
========================================================================
Received Prepare
Registering precompiled user dll's ...
Registered in 0.004612 seconds.
Begin MonoManager ReloadAssembly
Native extension for WindowsStandalone target not found
Native extension for WebGL target not found
Refreshing native plugins compatible for Editor in 0.35 ms, found 2 plugins.
Preloading 0 native plugins for Editor in 0.00 ms.
Mono: successfully reloaded assembly
- Completed reload, in  1.068 seconds
Domain Reload Profiling:
	ReloadAssembly (1069ms)
		BeginReloadAssembly (110ms)
			ExecutionOrderSort (0ms)
			DisableScriptedObjects (4ms)
			BackupInstance (0ms)
			ReleaseScriptingObjects (0ms)
			CreateAndSetChildDomain (29ms)
		EndReloadAssembly (896ms)
			LoadAssemblies (88ms)
			RebuildTransferFunctionScriptingTraits (0ms)
			SetupTypeCache (264ms)
			ReleaseScriptCaches (1ms)
			RebuildScriptCaches (36ms)
			SetupLoadedEditorAssemblies (419ms)
				LogAssemblyErrors (0ms)
				InitializePlatformSupportModulesInManaged (6ms)
				SetLoadedEditorAssemblies (1ms)
				RefreshPlugins (0ms)
				BeforeProcessingInitializeOnLoad (55ms)
				ProcessInitializeOnLoadAttributes (347ms)
				ProcessInitializeOnLoadMethodAttributes (3ms)
				AfterProcessingInitializeOnLoad (6ms)
				EditorAssembliesLoaded (0ms)
			ExecutionOrderSort2 (0ms)
			AwakeInstancesAfterBackupRestoration (6ms)
Platform modules already initialized, skipping
Refreshing native plugins compatible for Editor in 0.35 ms, found 2 plugins.
Preloading 0 native plugins for Editor in 0.00 ms.
Unloading 1413 Unused Serialized files (Serialized files now loaded: 0)
System memory in use before: 73.2 MB.
System memory in use after: 73.3 MB.

Unloading 15 unused Assets to reduce memory usage. Loaded Objects now: 1901.
Total: 2.672300 ms (FindLiveObjects: 0.199100 ms CreateObjectMapping: 0.071700 ms MarkObjects: 2.342300 ms  DeleteObjects: 0.057800 ms)

AssetImportParameters requested are different than current active one (requested -> active):
  custom:framework-win-MediaFoundation: 216162199b28c13a410421893ffa2e32 -> 
  custom:video-decoder-ogg-theora: a1e56fd34408186e4bbccfd4996cb3dc -> 
  custom:container-muxer-webm: aa71ff27fc2769a1b78a27578f13a17b -> 
  custom:container-demuxer-webm: 4f35f7cbe854078d1ac9338744f61a02 -> 
  custom:container-demuxer-ogg: 62fdf1f143b41e24485cea50d1cbac27 -> 
  custom:video-encoder-webm-vp8: eb34c28f22e8b96e1ab97ce403110664 -> 
  custom:video-codec-MediaFoundation-h265: 746d11721c4dcdbdad8f713fa42b33f4 -> 
  custom:video-decoder-webm-vp8: 9c59270c3fd7afecdb556c50c9e8de78 -> 
  custom:audio-decoder-ogg-vorbis: bf7c407c2cedff20999df2af8eb42d56 -> 
  custom:audio-encoder-webm-vorbis: bf7c407c2cedff20999df2af8eb42d56 -> 
========================================================================
Received Prepare
Registering precompiled user dll's ...
Registered in 0.004155 seconds.
Begin MonoManager ReloadAssembly
Native extension for WindowsStandalone target not found
Native extension for WebGL target not found
Refreshing native plugins compatible for Editor in 0.42 ms, found 2 plugins.
Preloading 0 native plugins for Editor in 0.00 ms.
Mono: successfully reloaded assembly
- Completed reload, in  1.189 seconds
Domain Reload Profiling:
	ReloadAssembly (1189ms)
		BeginReloadAssembly (120ms)
			ExecutionOrderSort (0ms)
			DisableScriptedObjects (4ms)
			BackupInstance (0ms)
			ReleaseScriptingObjects (0ms)
			CreateAndSetChildDomain (41ms)
		EndReloadAssembly (995ms)
			LoadAssemblies (86ms)
			RebuildTransferFunctionScriptingTraits (0ms)
			SetupTypeCache (322ms)
			ReleaseScriptCaches (1ms)
			RebuildScriptCaches (44ms)
			SetupLoadedEditorAssemblies (436ms)
				LogAssemblyErrors (0ms)
				InitializePlatformSupportModulesInManaged (7ms)
				SetLoadedEditorAssemblies (0ms)
				RefreshPlugins (0ms)
				BeforeProcessingInitializeOnLoad (56ms)
				ProcessInitializeOnLoadAttributes (359ms)
				ProcessInitializeOnLoadMethodAttributes (3ms)
				AfterProcessingInitializeOnLoad (10ms)
				EditorAssembliesLoaded (0ms)
			ExecutionOrderSort2 (0ms)
			AwakeInstancesAfterBackupRestoration (9ms)
Platform modules already initialized, skipping
Refreshing native plugins compatible for Editor in 0.44 ms, found 2 plugins.
Preloading 0 native plugins for Editor in 0.00 ms.
Unloading 1413 Unused Serialized files (Serialized files now loaded: 0)
System memory in use before: 73.2 MB.
System memory in use after: 73.3 MB.

Unloading 15 unused Assets to reduce memory usage. Loaded Objects now: 1903.
Total: 2.999400 ms (FindLiveObjects: 0.183500 ms CreateObjectMapping: 0.054100 ms MarkObjects: 2.698200 ms  DeleteObjects: 0.062200 ms)

AssetImportParameters requested are different than current active one (requested -> active):
  custom:framework-win-MediaFoundation: 216162199b28c13a410421893ffa2e32 -> 
  custom:video-decoder-ogg-theora: a1e56fd34408186e4bbccfd4996cb3dc -> 
  custom:container-muxer-webm: aa71ff27fc2769a1b78a27578f13a17b -> 
  custom:container-demuxer-webm: 4f35f7cbe854078d1ac9338744f61a02 -> 
  custom:container-demuxer-ogg: 62fdf1f143b41e24485cea50d1cbac27 -> 
  custom:video-encoder-webm-vp8: eb34c28f22e8b96e1ab97ce403110664 -> 
  custom:video-codec-MediaFoundation-h265: 746d11721c4dcdbdad8f713fa42b33f4 -> 
  custom:video-decoder-webm-vp8: 9c59270c3fd7afecdb556c50c9e8de78 -> 
  custom:audio-decoder-ogg-vorbis: bf7c407c2cedff20999df2af8eb42d56 -> 
  custom:audio-encoder-webm-vorbis: bf7c407c2cedff20999df2af8eb42d56 -> 
========================================================================
Received Import Request.
  Time since last request: 841.294132 seconds.
  path: Assets/Models/Prefabs/Path.prefab
  artifactKey: Guid(fbc327f82b9b646dca7e0960e120ec66) Importer(815301076,1909f56bfc062723c751e8b465ee728b)
Start importing Assets/Models/Prefabs/Path.prefab using Guid(fbc327f82b9b646dca7e0960e120ec66) Importer(815301076,1909f56bfc062723c751e8b465ee728b)  -> (artifact id: '9a3327342df4e24ff8c3aaa314436354') in 0.109540 seconds 
  Import took 0.137688 seconds .

========================================================================
Received Prepare
Registering precompiled user dll's ...
Registered in 0.004253 seconds.
Begin MonoManager ReloadAssembly
Native extension for WindowsStandalone target not found
Native extension for WebGL target not found
Refreshing native plugins compatible for Editor in 0.47 ms, found 2 plugins.
Preloading 0 native plugins for Editor in 0.00 ms.
Mono: successfully reloaded assembly
- Completed reload, in  1.074 seconds
Domain Reload Profiling:
	ReloadAssembly (1074ms)
		BeginReloadAssembly (101ms)
			ExecutionOrderSort (0ms)
			DisableScriptedObjects (4ms)
			BackupInstance (0ms)
			ReleaseScriptingObjects (0ms)
			CreateAndSetChildDomain (28ms)
		EndReloadAssembly (914ms)
			LoadAssemblies (84ms)
			RebuildTransferFunctionScriptingTraits (0ms)
			SetupTypeCache (256ms)
			ReleaseScriptCaches (1ms)
			RebuildScriptCaches (42ms)
			SetupLoadedEditorAssemblies (441ms)
				LogAssemblyErrors (0ms)
				InitializePlatformSupportModulesInManaged (6ms)
				SetLoadedEditorAssemblies (0ms)
				RefreshPlugins (1ms)
				BeforeProcessingInitializeOnLoad (54ms)
				ProcessInitializeOnLoadAttributes (370ms)
				ProcessInitializeOnLoadMethodAttributes (3ms)
				AfterProcessingInitializeOnLoad (7ms)
				EditorAssembliesLoaded (0ms)
			ExecutionOrderSort2 (0ms)
			AwakeInstancesAfterBackupRestoration (6ms)
Platform modules already initialized, skipping
Refreshing native plugins compatible for Editor in 0.40 ms, found 2 plugins.
Preloading 0 native plugins for Editor in 0.00 ms.
Unloading 1413 Unused Serialized files (Serialized files now loaded: 0)
System memory in use before: 73.3 MB.
System memory in use after: 73.3 MB.

Unloading 15 unused Assets to reduce memory usage. Loaded Objects now: 1907.
Total: 8.720300 ms (FindLiveObjects: 0.559300 ms CreateObjectMapping: 0.204100 ms MarkObjects: 7.800000 ms  DeleteObjects: 0.154000 ms)

AssetImportParameters requested are different than current active one (requested -> active):
  custom:framework-win-MediaFoundation: 216162199b28c13a410421893ffa2e32 -> 
  custom:video-decoder-ogg-theora: a1e56fd34408186e4bbccfd4996cb3dc -> 
  custom:container-muxer-webm: aa71ff27fc2769a1b78a27578f13a17b -> 
  custom:container-demuxer-webm: 4f35f7cbe854078d1ac9338744f61a02 -> 
  custom:container-demuxer-ogg: 62fdf1f143b41e24485cea50d1cbac27 -> 
  custom:video-encoder-webm-vp8: eb34c28f22e8b96e1ab97ce403110664 -> 
  custom:video-codec-MediaFoundation-h265: 746d11721c4dcdbdad8f713fa42b33f4 -> 
  custom:video-decoder-webm-vp8: 9c59270c3fd7afecdb556c50c9e8de78 -> 
  custom:audio-decoder-ogg-vorbis: bf7c407c2cedff20999df2af8eb42d56 -> 
  custom:audio-encoder-webm-vorbis: bf7c407c2cedff20999df2af8eb42d56 -> 
========================================================================
Received Prepare
Registering precompiled user dll's ...
Registered in 0.004574 seconds.
Begin MonoManager ReloadAssembly
Native extension for WindowsStandalone target not found
Native extension for WebGL target not found
Refreshing native plugins compatible for Editor in 0.35 ms, found 2 plugins.
Preloading 0 native plugins for Editor in 0.00 ms.
Mono: successfully reloaded assembly
- Completed reload, in  1.223 seconds
Domain Reload Profiling:
	ReloadAssembly (1223ms)
		BeginReloadAssembly (127ms)
			ExecutionOrderSort (0ms)
			DisableScriptedObjects (4ms)
			BackupInstance (0ms)
			ReleaseScriptingObjects (0ms)
			CreateAndSetChildDomain (38ms)
		EndReloadAssembly (1004ms)
			LoadAssemblies (114ms)
			RebuildTransferFunctionScriptingTraits (0ms)
			SetupTypeCache (398ms)
			ReleaseScriptCaches (1ms)
			RebuildScriptCaches (41ms)
			SetupLoadedEditorAssemblies (343ms)
				LogAssemblyErrors (0ms)
				InitializePlatformSupportModulesInManaged (6ms)
				SetLoadedEditorAssemblies (1ms)
				RefreshPlugins (0ms)
				BeforeProcessingInitializeOnLoad (49ms)
				ProcessInitializeOnLoadAttributes (278ms)
				ProcessInitializeOnLoadMethodAttributes (3ms)
				AfterProcessingInitializeOnLoad (6ms)
				EditorAssembliesLoaded (0ms)
			ExecutionOrderSort2 (0ms)
			AwakeInstancesAfterBackupRestoration (9ms)
Platform modules already initialized, skipping
Refreshing native plugins compatible for Editor in 0.38 ms, found 2 plugins.
Preloading 0 native plugins for Editor in 0.00 ms.
Unloading 1413 Unused Serialized files (Serialized files now loaded: 0)
System memory in use before: 73.3 MB.
System memory in use after: 73.3 MB.

Unloading 15 unused Assets to reduce memory usage. Loaded Objects now: 1909.
Total: 2.465200 ms (FindLiveObjects: 0.161300 ms CreateObjectMapping: 0.046100 ms MarkObjects: 2.197700 ms  DeleteObjects: 0.059000 ms)

AssetImportParameters requested are different than current active one (requested -> active):
  custom:framework-win-MediaFoundation: 216162199b28c13a410421893ffa2e32 -> 
  custom:video-decoder-ogg-theora: a1e56fd34408186e4bbccfd4996cb3dc -> 
  custom:container-muxer-webm: aa71ff27fc2769a1b78a27578f13a17b -> 
  custom:container-demuxer-webm: 4f35f7cbe854078d1ac9338744f61a02 -> 
  custom:container-demuxer-ogg: 62fdf1f143b41e24485cea50d1cbac27 -> 
  custom:video-encoder-webm-vp8: eb34c28f22e8b96e1ab97ce403110664 -> 
  custom:video-codec-MediaFoundation-h265: 746d11721c4dcdbdad8f713fa42b33f4 -> 
  custom:video-decoder-webm-vp8: 9c59270c3fd7afecdb556c50c9e8de78 -> 
  custom:audio-decoder-ogg-vorbis: bf7c407c2cedff20999df2af8eb42d56 -> 
  custom:audio-encoder-webm-vorbis: bf7c407c2cedff20999df2af8eb42d56 -> 
========================================================================
Received Prepare
Registering precompiled user dll's ...
Registered in 0.004482 seconds.
Begin MonoManager ReloadAssembly
Native extension for WindowsStandalone target not found
Native extension for WebGL target not found
Refreshing native plugins compatible for Editor in 0.60 ms, found 2 plugins.
Preloading 0 native plugins for Editor in 0.00 ms.
Mono: successfully reloaded assembly
- Completed reload, in  1.264 seconds
Domain Reload Profiling:
	ReloadAssembly (1264ms)
		BeginReloadAssembly (108ms)
			ExecutionOrderSort (0ms)
			DisableScriptedObjects (4ms)
			BackupInstance (0ms)
			ReleaseScriptingObjects (0ms)
			CreateAndSetChildDomain (30ms)
		EndReloadAssembly (1082ms)
			LoadAssemblies (111ms)
			RebuildTransferFunctionScriptingTraits (0ms)
			SetupTypeCache (421ms)
			ReleaseScriptCaches (1ms)
			RebuildScriptCaches (54ms)
			SetupLoadedEditorAssemblies (352ms)
				LogAssemblyErrors (0ms)
				InitializePlatformSupportModulesInManaged (7ms)
				SetLoadedEditorAssemblies (1ms)
				RefreshPlugins (1ms)
				BeforeProcessingInitializeOnLoad (62ms)
				ProcessInitializeOnLoadAttributes (272ms)
				ProcessInitializeOnLoadMethodAttributes (3ms)
				AfterProcessingInitializeOnLoad (7ms)
				EditorAssembliesLoaded (0ms)
			ExecutionOrderSort2 (0ms)
			AwakeInstancesAfterBackupRestoration (6ms)
Platform modules already initialized, skipping
Refreshing native plugins compatible for Editor in 0.36 ms, found 2 plugins.
Preloading 0 native plugins for Editor in 0.00 ms.
Unloading 1413 Unused Serialized files (Serialized files now loaded: 0)
System memory in use before: 73.3 MB.
System memory in use after: 73.4 MB.

Unloading 15 unused Assets to reduce memory usage. Loaded Objects now: 1911.
Total: 2.666900 ms (FindLiveObjects: 0.212500 ms CreateObjectMapping: 0.059600 ms MarkObjects: 2.342700 ms  DeleteObjects: 0.051100 ms)

AssetImportParameters requested are different than current active one (requested -> active):
  custom:framework-win-MediaFoundation: 216162199b28c13a410421893ffa2e32 -> 
  custom:video-decoder-ogg-theora: a1e56fd34408186e4bbccfd4996cb3dc -> 
  custom:container-muxer-webm: aa71ff27fc2769a1b78a27578f13a17b -> 
  custom:container-demuxer-webm: 4f35f7cbe854078d1ac9338744f61a02 -> 
  custom:container-demuxer-ogg: 62fdf1f143b41e24485cea50d1cbac27 -> 
  custom:video-encoder-webm-vp8: eb34c28f22e8b96e1ab97ce403110664 -> 
  custom:video-codec-MediaFoundation-h265: 746d11721c4dcdbdad8f713fa42b33f4 -> 
  custom:video-decoder-webm-vp8: 9c59270c3fd7afecdb556c50c9e8de78 -> 
  custom:audio-decoder-ogg-vorbis: bf7c407c2cedff20999df2af8eb42d56 -> 
  custom:audio-encoder-webm-vorbis: bf7c407c2cedff20999df2af8eb42d56 -> 
========================================================================
Received Import Request.
  Time since last request: 214.131523 seconds.
  path: Assets/Scenes/SampleScene.unity
  artifactKey: Guid(9fc0d4010bbf28b4594072e72b8655ab) Importer(815301076,1909f56bfc062723c751e8b465ee728b)
Start importing Assets/Scenes/SampleScene.unity using Guid(9fc0d4010bbf28b4594072e72b8655ab) Importer(815301076,1909f56bfc062723c751e8b465ee728b)  -> (artifact id: '0b4285571e9147b3849f0bcedb3ad372') in 0.013183 seconds 
  Import took 0.094291 seconds .

========================================================================
Received Prepare
Registering precompiled user dll's ...
Registered in 0.004498 seconds.
Begin MonoManager ReloadAssembly
Native extension for WindowsStandalone target not found
Native extension for WebGL target not found
Refreshing native plugins compatible for Editor in 0.35 ms, found 2 plugins.
Preloading 0 native plugins for Editor in 0.00 ms.
Mono: successfully reloaded assembly
- Completed reload, in  0.968 seconds
Domain Reload Profiling:
	ReloadAssembly (968ms)
		BeginReloadAssembly (112ms)
			ExecutionOrderSort (0ms)
			DisableScriptedObjects (4ms)
			BackupInstance (0ms)
			ReleaseScriptingObjects (0ms)
			CreateAndSetChildDomain (29ms)
		EndReloadAssembly (798ms)
			LoadAssemblies (89ms)
			RebuildTransferFunctionScriptingTraits (0ms)
			SetupTypeCache (256ms)
			ReleaseScriptCaches (1ms)
			RebuildScriptCaches (35ms)
			SetupLoadedEditorAssemblies (331ms)
				LogAssemblyErrors (0ms)
				InitializePlatformSupportModulesInManaged (5ms)
				SetLoadedEditorAssemblies (0ms)
				RefreshPlugins (0ms)
				BeforeProcessingInitializeOnLoad (48ms)
				ProcessInitializeOnLoadAttributes (267ms)
				ProcessInitializeOnLoadMethodAttributes (3ms)
				AfterProcessingInitializeOnLoad (7ms)
				EditorAssembliesLoaded (0ms)
			ExecutionOrderSort2 (0ms)
			AwakeInstancesAfterBackupRestoration (6ms)
Platform modules already initialized, skipping
Refreshing native plugins compatible for Editor in 0.46 ms, found 2 plugins.
Preloading 0 native plugins for Editor in 0.00 ms.
Unloading 1413 Unused Serialized files (Serialized files now loaded: 0)
System memory in use before: 73.3 MB.
System memory in use after: 73.3 MB.

Unloading 15 unused Assets to reduce memory usage. Loaded Objects now: 1913.
Total: 3.845200 ms (FindLiveObjects: 1.055000 ms CreateObjectMapping: 0.043700 ms MarkObjects: 2.687200 ms  DeleteObjects: 0.058100 ms)

AssetImportParameters requested are different than current active one (requested -> active):
  custom:framework-win-MediaFoundation: 216162199b28c13a410421893ffa2e32 -> 
  custom:video-decoder-ogg-theora: a1e56fd34408186e4bbccfd4996cb3dc -> 
  custom:container-muxer-webm: aa71ff27fc2769a1b78a27578f13a17b -> 
  custom:container-demuxer-webm: 4f35f7cbe854078d1ac9338744f61a02 -> 
  custom:container-demuxer-ogg: 62fdf1f143b41e24485cea50d1cbac27 -> 
  custom:video-encoder-webm-vp8: eb34c28f22e8b96e1ab97ce403110664 -> 
  custom:video-codec-MediaFoundation-h265: 746d11721c4dcdbdad8f713fa42b33f4 -> 
  custom:video-decoder-webm-vp8: 9c59270c3fd7afecdb556c50c9e8de78 -> 
  custom:audio-decoder-ogg-vorbis: bf7c407c2cedff20999df2af8eb42d56 -> 
  custom:audio-encoder-webm-vorbis: bf7c407c2cedff20999df2af8eb42d56 -> 
========================================================================
Received Prepare
Registering precompiled user dll's ...
Registered in 0.228426 seconds.
Begin MonoManager ReloadAssembly
Native extension for WindowsStandalone target not found
Native extension for WebGL target not found
Refreshing native plugins compatible for Editor in 0.34 ms, found 2 plugins.
Preloading 0 native plugins for Editor in 0.00 ms.
Mono: successfully reloaded assembly
- Completed reload, in  2.267 seconds
Domain Reload Profiling:
	ReloadAssembly (2267ms)
		BeginReloadAssembly (109ms)
			ExecutionOrderSort (0ms)
			DisableScriptedObjects (4ms)
			BackupInstance (0ms)
			ReleaseScriptingObjects (0ms)
			CreateAndSetChildDomain (28ms)
		EndReloadAssembly (2100ms)
			LoadAssemblies (1318ms)
			RebuildTransferFunctionScriptingTraits (0ms)
			SetupTypeCache (243ms)
			ReleaseScriptCaches (1ms)
			RebuildScriptCaches (34ms)
			SetupLoadedEditorAssemblies (424ms)
				LogAssemblyErrors (0ms)
				InitializePlatformSupportModulesInManaged (6ms)
				SetLoadedEditorAssemblies (0ms)
				RefreshPlugins (0ms)
				BeforeProcessingInitializeOnLoad (49ms)
				ProcessInitializeOnLoadAttributes (358ms)
				ProcessInitializeOnLoadMethodAttributes (3ms)
				AfterProcessingInitializeOnLoad (7ms)
				EditorAssembliesLoaded (0ms)
			ExecutionOrderSort2 (0ms)
			AwakeInstancesAfterBackupRestoration (6ms)
Platform modules already initialized, skipping
Refreshing native plugins compatible for Editor in 0.41 ms, found 2 plugins.
Preloading 0 native plugins for Editor in 0.00 ms.
Unloading 1413 Unused Serialized files (Serialized files now loaded: 0)
System memory in use before: 73.3 MB.
System memory in use after: 73.4 MB.

Unloading 15 unused Assets to reduce memory usage. Loaded Objects now: 1915.
Total: 3.050900 ms (FindLiveObjects: 0.195500 ms CreateObjectMapping: 0.042400 ms MarkObjects: 2.750900 ms  DeleteObjects: 0.060500 ms)

AssetImportParameters requested are different than current active one (requested -> active):
  custom:framework-win-MediaFoundation: 216162199b28c13a410421893ffa2e32 -> 
  custom:video-decoder-ogg-theora: a1e56fd34408186e4bbccfd4996cb3dc -> 
  custom:container-muxer-webm: aa71ff27fc2769a1b78a27578f13a17b -> 
  custom:container-demuxer-webm: 4f35f7cbe854078d1ac9338744f61a02 -> 
  custom:container-demuxer-ogg: 62fdf1f143b41e24485cea50d1cbac27 -> 
  custom:video-encoder-webm-vp8: eb34c28f22e8b96e1ab97ce403110664 -> 
  custom:video-codec-MediaFoundation-h265: 746d11721c4dcdbdad8f713fa42b33f4 -> 
  custom:video-decoder-webm-vp8: 9c59270c3fd7afecdb556c50c9e8de78 -> 
  custom:audio-decoder-ogg-vorbis: bf7c407c2cedff20999df2af8eb42d56 -> 
  custom:audio-encoder-webm-vorbis: bf7c407c2cedff20999df2af8eb42d56 -> 
========================================================================
Received Import Request.
  Time since last request: 440.281166 seconds.
  path: Assets/JMO Assets/Cartoon FX
  artifactKey: Guid(c865e48369a325f4784ecd8444d1ec51) Importer(815301076,1909f56bfc062723c751e8b465ee728b)
Start importing Assets/JMO Assets/Cartoon FX using Guid(c865e48369a325f4784ecd8444d1ec51) Importer(815301076,1909f56bfc062723c751e8b465ee728b)  -> (artifact id: '4c4ce2601669b351fc33714066c4b41b') in 0.015570 seconds 
  Import took 0.062101 seconds .

========================================================================
Received Import Request.
  Time since last request: 3.634872 seconds.
  path: Assets/Prefabs/Lights.prefab
  artifactKey: Guid(ad67cddd729fb4342be2063a3f5ad7cc) Importer(815301076,1909f56bfc062723c751e8b465ee728b)
Start importing Assets/Prefabs/Lights.prefab using Guid(ad67cddd729fb4342be2063a3f5ad7cc) Importer(815301076,1909f56bfc062723c751e8b465ee728b)  -> (artifact id: 'c05ee62800db08993efa5cdc1c8f4fca') in 0.020599 seconds 
  Import took 0.024267 seconds .

========================================================================
Received Import Request.
  Time since last request: 1.138891 seconds.
  path: Assets/Prefabs/Lights.prefab
  artifactKey: Guid(ad67cddd729fb4342be2063a3f5ad7cc) Importer(815301076,1909f56bfc062723c751e8b465ee728b)
Start importing Assets/Prefabs/Lights.prefab using Guid(ad67cddd729fb4342be2063a3f5ad7cc) Importer(815301076,1909f56bfc062723c751e8b465ee728b)  -> (artifact id: 'c05ee62800db08993efa5cdc1c8f4fca') in 0.005311 seconds 
  Import took 0.008221 seconds .

========================================================================
Received Import Request.
  Time since last request: 1.428505 seconds.
  path: Assets/Prefabs/GunParticles.prefab
  artifactKey: Guid(0bd11145ced4539458f937fc4609544a) Importer(815301076,1909f56bfc062723c751e8b465ee728b)
Start importing Assets/Prefabs/GunParticles.prefab using Guid(0bd11145ced4539458f937fc4609544a) Importer(815301076,1909f56bfc062723c751e8b465ee728b)  -> (artifact id: 'cd5728e1315877d6dde0b3657ad7ce12') in 0.184911 seconds 
  Import took 0.197806 seconds .

========================================================================
Received Import Request.
  Time since last request: 0.044900 seconds.
  path: Assets/Prefabs/GunParticles.prefab
  artifactKey: Guid(0bd11145ced4539458f937fc4609544a) Importer(815301076,1909f56bfc062723c751e8b465ee728b)
Start importing Assets/Prefabs/GunParticles.prefab using Guid(0bd11145ced4539458f937fc4609544a) Importer(815301076,1909f56bfc062723c751e8b465ee728b)  -> (artifact id: 'cd5728e1315877d6dde0b3657ad7ce12') in 0.009336 seconds 
  Import took 0.011726 seconds .

========================================================================
Received Import Request.
  Time since last request: 0.037023 seconds.
  path: Assets/Materials/FlareParticleMaterial.mat
  artifactKey: Guid(b75a561f374f89247a62336b50288d40) Importer(815301076,1909f56bfc062723c751e8b465ee728b)
Start importing Assets/Materials/FlareParticleMaterial.mat using Guid(b75a561f374f89247a62336b50288d40) Importer(815301076,1909f56bfc062723c751e8b465ee728b)  -> (artifact id: '1e310f8b128188fb345775f444f3e536') in 1.601405 seconds 
  Import took 1.623810 seconds .

========================================================================
Received Import Request.
  Time since last request: 1.043107 seconds.
  path: Assets/Animations
  artifactKey: Guid(cd97eb4974e1ce8488242cdae9878cd3) Importer(815301076,1909f56bfc062723c751e8b465ee728b)
Start importing Assets/Animations using Guid(cd97eb4974e1ce8488242cdae9878cd3) Importer(815301076,1909f56bfc062723c751e8b465ee728b)  -> (artifact id: 'dfb9287c70a08e6462e4aa4039671d0e') in 0.003243 seconds 
  Import took 0.035936 seconds .

========================================================================
Received Import Request.
  Time since last request: 1.306393 seconds.
  path: Assets/Animations/btn_Play.controller
  artifactKey: Guid(f9de8ceab85cec9a7bd76a47d6015af8) Importer(815301076,1909f56bfc062723c751e8b465ee728b)
Start importing Assets/Animations/btn_Play.controller using Guid(f9de8ceab85cec9a7bd76a47d6015af8) Importer(815301076,1909f56bfc062723c751e8b465ee728b)  -> (artifact id: '3c113f73f9de422ef1dbc1768813779a') in 0.017770 seconds 
  Import took 0.044587 seconds .

========================================================================
Received Import Request.
  Time since last request: 1.450962 seconds.
  path: Assets/Animations/Player.controller
  artifactKey: Guid(a91341e9c0dc65443a8ffa91cfb78748) Importer(815301076,1909f56bfc062723c751e8b465ee728b)
Start importing Assets/Animations/Player.controller using Guid(a91341e9c0dc65443a8ffa91cfb78748) Importer(815301076,1909f56bfc062723c751e8b465ee728b)  -> (artifact id: '4029cfb479b90ae758efb6f6fc9498f4') in 0.054489 seconds 
  Import took 0.057684 seconds .

========================================================================
Received Import Request.
  Time since last request: 10.624704 seconds.
  path: Assets/JMO Assets/Cartoon FX/CFX2 Prefabs
  artifactKey: Guid(84d86077ce20b3d408f08f7cc5cfb4ea) Importer(815301076,1909f56bfc062723c751e8b465ee728b)
Start importing Assets/JMO Assets/Cartoon FX/CFX2 Prefabs using Guid(84d86077ce20b3d408f08f7cc5cfb4ea) Importer(815301076,1909f56bfc062723c751e8b465ee728b)  -> (artifact id: 'b5595c4c2df28a92c909d29f1d501ec5') in 0.112931 seconds 
  Import took 0.138904 seconds .

========================================================================
Received Import Request.
  Time since last request: 31.836291 seconds.
  path: Assets/Models/Characters/Hellephant.fbx
  artifactKey: Guid(b77f122f451a2394898a24191c26107c) Importer(815301076,1909f56bfc062723c751e8b465ee728b)
Start importing Assets/Models/Characters/Hellephant.fbx using Guid(b77f122f451a2394898a24191c26107c) Importer(815301076,1909f56bfc062723c751e8b465ee728b)  -> (artifact id: '69005452571e4de6daa34b6fab26be3c') in 0.216689 seconds 
  Import took 0.247669 seconds .

========================================================================
Received Import Request.
  Time since last request: 1.730449 seconds.
  path: Assets/Models/Characters/Player.fbx
  artifactKey: Guid(f1d84cc28597f5641a3d9cbc4df7e306) Importer(815301076,1909f56bfc062723c751e8b465ee728b)
Start importing Assets/Models/Characters/Player.fbx using Guid(f1d84cc28597f5641a3d9cbc4df7e306) Importer(815301076,1909f56bfc062723c751e8b465ee728b)  -> (artifact id: 'f99ac7314ec9fd6ea622db6b3980cc5d') in 0.429194 seconds 
  Import took 0.478646 seconds .

========================================================================
Received Import Request.
  Time since last request: 2.833791 seconds.
  path: Assets/Models/Characters/ZomBear.fbx
  artifactKey: Guid(c236aa7ad6dcabe47abc7d2cf903ae71) Importer(815301076,1909f56bfc062723c751e8b465ee728b)
Start importing Assets/Models/Characters/ZomBear.fbx using Guid(c236aa7ad6dcabe47abc7d2cf903ae71) Importer(815301076,1909f56bfc062723c751e8b465ee728b)  -> (artifact id: '2fa2fdb7f4f9852c302ab6e9d74605cc') in 0.153844 seconds 
  Import took 0.182715 seconds .

========================================================================
Received Import Request.
  Time since last request: 1.316399 seconds.
  path: Assets/Models/Characters/Zombunny.fbx
  artifactKey: Guid(be66986effd141b4992d2d78be127139) Importer(815301076,1909f56bfc062723c751e8b465ee728b)
Start importing Assets/Models/Characters/Zombunny.fbx using Guid(be66986effd141b4992d2d78be127139) Importer(815301076,1909f56bfc062723c751e8b465ee728b)  -> (artifact id: '0024e7c22725e6f99b9608f551aa810f') in 0.114312 seconds 
  Import took 0.129053 seconds .

========================================================================
Received Prepare
Refreshing native plugins compatible for Editor in 451.30 ms, found 2 plugins.
Preloading 0 native plugins for Editor in 0.00 ms.
Unloading 47 Unused Serialized files (Serialized files now loaded: 0)
System memory in use before: 46.1 MB.
System memory in use after: 46.2 MB.

Unloading 14 unused Assets to reduce memory usage. Loaded Objects now: 1984.
Total: 20.093300 ms (FindLiveObjects: 0.163800 ms CreateObjectMapping: 0.037400 ms MarkObjects: 19.680700 ms  DeleteObjects: 0.208800 ms)

AssetImportParameters requested are different than current active one (requested -> active):
  custom:framework-win-MediaFoundation: 216162199b28c13a410421893ffa2e32 -> 
  custom:video-decoder-ogg-theora: a1e56fd34408186e4bbccfd4996cb3dc -> 
  custom:container-muxer-webm: aa71ff27fc2769a1b78a27578f13a17b -> 
  custom:container-demuxer-webm: 4f35f7cbe854078d1ac9338744f61a02 -> 
  custom:container-demuxer-ogg: 62fdf1f143b41e24485cea50d1cbac27 -> 
  custom:video-encoder-webm-vp8: eb34c28f22e8b96e1ab97ce403110664 -> 
  custom:video-codec-MediaFoundation-h265: 746d11721c4dcdbdad8f713fa42b33f4 -> 
  custom:video-decoder-webm-vp8: 9c59270c3fd7afecdb556c50c9e8de78 -> 
  custom:audio-decoder-ogg-vorbis: bf7c407c2cedff20999df2af8eb42d56 -> 
  custom:audio-encoder-webm-vorbis: bf7c407c2cedff20999df2af8eb42d56 -> 
========================================================================
Received Prepare
Refreshing native plugins compatible for Editor in 3.01 ms, found 2 plugins.
Preloading 0 native plugins for Editor in 0.00 ms.
Unloading 13 Unused Serialized files (Serialized files now loaded: 0)
System memory in use before: 45.4 MB.
System memory in use after: 45.5 MB.

Unloading 13 unused Assets to reduce memory usage. Loaded Objects now: 1984.
Total: 3.191800 ms (FindLiveObjects: 0.198700 ms CreateObjectMapping: 0.046000 ms MarkObjects: 2.869900 ms  DeleteObjects: 0.062700 ms)

AssetImportParameters requested are different than current active one (requested -> active):
  custom:framework-win-MediaFoundation: 216162199b28c13a410421893ffa2e32 -> 
  custom:video-decoder-ogg-theora: a1e56fd34408186e4bbccfd4996cb3dc -> 
  custom:container-muxer-webm: aa71ff27fc2769a1b78a27578f13a17b -> 
  custom:container-demuxer-webm: 4f35f7cbe854078d1ac9338744f61a02 -> 
  custom:container-demuxer-ogg: 62fdf1f143b41e24485cea50d1cbac27 -> 
  custom:video-encoder-webm-vp8: eb34c28f22e8b96e1ab97ce403110664 -> 
  custom:video-codec-MediaFoundation-h265: 746d11721c4dcdbdad8f713fa42b33f4 -> 
  custom:video-decoder-webm-vp8: 9c59270c3fd7afecdb556c50c9e8de78 -> 
  custom:audio-decoder-ogg-vorbis: bf7c407c2cedff20999df2af8eb42d56 -> 
  custom:audio-encoder-webm-vorbis: bf7c407c2cedff20999df2af8eb42d56 -> 
========================================================================
Received Import Request.
  Time since last request: 235.869086 seconds.
  path: Assets/Models/Characters/Zombunny.fbx
  artifactKey: Guid(be66986effd141b4992d2d78be127139) Importer(815301076,1909f56bfc062723c751e8b465ee728b)
Start importing Assets/Models/Characters/Zombunny.fbx using Guid(be66986effd141b4992d2d78be127139) Importer(815301076,1909f56bfc062723c751e8b465ee728b)  -> (artifact id: '3787dbbdcfc891c7d81c419040b35cd5') in 1.161834 seconds 
  Import took 1.164360 seconds .

========================================================================
Received Import Request.
  Time since last request: 0.018399 seconds.
  path: Assets/Models/Characters/Zombunny.fbx
  artifactKey: Guid(be66986effd141b4992d2d78be127139) Importer(815301076,1909f56bfc062723c751e8b465ee728b)
Start importing Assets/Models/Characters/Zombunny.fbx using Guid(be66986effd141b4992d2d78be127139) Importer(815301076,1909f56bfc062723c751e8b465ee728b)  -> (artifact id: '3787dbbdcfc891c7d81c419040b35cd5') in 0.035794 seconds 
  Import took 0.038410 seconds .

========================================================================
Received Import Request.
  Time since last request: 282.362001 seconds.
  path: Assets/Prefabs/HitParticles.prefab
  artifactKey: Guid(ef39ae7291c751249b296f00bf6fb042) Importer(815301076,1909f56bfc062723c751e8b465ee728b)
Start importing Assets/Prefabs/HitParticles.prefab using Guid(ef39ae7291c751249b296f00bf6fb042) Importer(815301076,1909f56bfc062723c751e8b465ee728b)  -> (artifact id: 'ddfc708702f16b7442c0a4fb82f099a9') in 0.218832 seconds 
  Import took 0.295536 seconds .

========================================================================
Received Import Request.
  Time since last request: 0.000336 seconds.
  path: Assets/Materials/FluffParticleMaterial.mat
  artifactKey: Guid(01ffe1f3679a0894087ea5e74106fb93) Importer(815301076,1909f56bfc062723c751e8b465ee728b)
Start importing Assets/Materials/FluffParticleMaterial.mat using Guid(01ffe1f3679a0894087ea5e74106fb93) Importer(815301076,1909f56bfc062723c751e8b465ee728b)  -> (artifact id: '091dfd811789543815001ed5a05556d4') in 0.040416 seconds 
  Import took 0.043012 seconds .

========================================================================
Received Import Request.
  Time since last request: 0.015259 seconds.
  path: Assets/Prefabs/HitParticles.prefab
  artifactKey: Guid(ef39ae7291c751249b296f00bf6fb042) Importer(815301076,1909f56bfc062723c751e8b465ee728b)
Start importing Assets/Prefabs/HitParticles.prefab using Guid(ef39ae7291c751249b296f00bf6fb042) Importer(815301076,1909f56bfc062723c751e8b465ee728b)  -> (artifact id: 'ddfc708702f16b7442c0a4fb82f099a9') in 0.009405 seconds 
  Import took 0.012010 seconds .

========================================================================
Received Import Request.
  Time since last request: 4.335458 seconds.
  path: Assets/Models/ZombieDuck.fbx
  artifactKey: Guid(ffc1cce828542694b8004c32865149a5) Importer(815301076,1909f56bfc062723c751e8b465ee728b)
Start importing Assets/Models/ZombieDuck.fbx using Guid(ffc1cce828542694b8004c32865149a5) Importer(815301076,1909f56bfc062723c751e8b465ee728b)  -> (artifact id: '225917a5b56af6b63f9e12254309b3ac') in 0.433931 seconds 
  Import took 0.436786 seconds .

========================================================================
Received Import Request.
  Time since last request: 8.671292 seconds.
  path: Assets/ChatteringTeeth/Texture/ChatteringTeeth_Diffuse.tga
  artifactKey: Guid(cd8e723daa2bdef43a8ae89a071541dd) Importer(815301076,1909f56bfc062723c751e8b465ee728b)
Start importing Assets/ChatteringTeeth/Texture/ChatteringTeeth_Diffuse.tga using Guid(cd8e723daa2bdef43a8ae89a071541dd) Importer(815301076,1909f56bfc062723c751e8b465ee728b)  -> (artifact id: '0aff528191b9ea8a58055b3466ea02e7') in 0.231018 seconds 
  Import took 0.233960 seconds .

========================================================================
Received Import Request.
  Time since last request: 0.000310 seconds.
  path: Assets/ChatteringTeeth/Chattering_Teeth_Normal_512.tga
  artifactKey: Guid(a1b253746995d5648b83312fd9b87b58) Importer(815301076,1909f56bfc062723c751e8b465ee728b)
Start importing Assets/ChatteringTeeth/Chattering_Teeth_Normal_512.tga using Guid(a1b253746995d5648b83312fd9b87b58) Importer(815301076,1909f56bfc062723c751e8b465ee728b)  -> (artifact id: 'e2f6808f2d6f3ddd2b4588fd0f3632ec') in 0.098757 seconds 
  Import took 0.101824 seconds .

========================================================================
Received Import Request.
  Time since last request: 184.383299 seconds.
  path: Assets/Scripts/Helpers/CameraFollow.cs
  artifactKey: Guid(d7bced140059b694e91f0e48210059c7) Importer(815301076,1909f56bfc062723c751e8b465ee728b)
Start importing Assets/Scripts/Helpers/CameraFollow.cs using Guid(d7bced140059b694e91f0e48210059c7) Importer(815301076,1909f56bfc062723c751e8b465ee728b)  -> (artifact id: '71d82483d5244e8709fd7d577a59084c') in 0.004462 seconds 
  Import took 0.008991 seconds .

========================================================================
Received Import Request.
  Time since last request: 0.002453 seconds.
  path: Assets/Scripts/Helpers/CameraFollow.cs
  artifactKey: Guid(d7bced140059b694e91f0e48210059c7) Importer(815301076,1909f56bfc062723c751e8b465ee728b)
Start importing Assets/Scripts/Helpers/CameraFollow.cs using Guid(d7bced140059b694e91f0e48210059c7) Importer(815301076,1909f56bfc062723c751e8b465ee728b)  -> (artifact id: '71d82483d5244e8709fd7d577a59084c') in 0.003261 seconds 
  Import took 0.006849 seconds .

========================================================================
Received Import Request.
  Time since last request: 5.068473 seconds.
  path: Assets/Scripts/Helpers
  artifactKey: Guid(09ca7eb8a0b855d458a513f642bf78c3) Importer(815301076,1909f56bfc062723c751e8b465ee728b)
Start importing Assets/Scripts/Helpers using Guid(09ca7eb8a0b855d458a513f642bf78c3) Importer(815301076,1909f56bfc062723c751e8b465ee728b)  -> (artifact id: 'b0b015100518dc200e502843d0517a61') in 0.002579 seconds 
  Import took 0.005724 seconds .

========================================================================
Received Import Request.
  Time since last request: 152.947207 seconds.
  path: Assets/Scripts/Attacks/SlimeProjectile.cs
  artifactKey: Guid(9940aef610363834b8225faaef44fa02) Importer(815301076,1909f56bfc062723c751e8b465ee728b)
Start importing Assets/Scripts/Attacks/SlimeProjectile.cs using Guid(9940aef610363834b8225faaef44fa02) Importer(815301076,1909f56bfc062723c751e8b465ee728b)  -> (artifact id: '6e2ee49c2173b271c309b359bf2248f7') in 0.003127 seconds 
  Import took 0.006616 seconds .

========================================================================
Received Import Request.
  Time since last request: 1.375742 seconds.
  path: Assets/Scripts/Attacks
  artifactKey: Guid(52f9910473157cc48bf38fc66590d6cd) Importer(815301076,1909f56bfc062723c751e8b465ee728b)
Start importing Assets/Scripts/Attacks using Guid(52f9910473157cc48bf38fc66590d6cd) Importer(815301076,1909f56bfc062723c751e8b465ee728b)  -> (artifact id: '6ef0cccc7b9f9170700949cfd87b53fc') in 0.002916 seconds 
  Import took 0.007650 seconds .

========================================================================
Received Import Request.
  Time since last request: 0.001834 seconds.
  path: Assets/Scripts/Attacks
  artifactKey: Guid(52f9910473157cc48bf38fc66590d6cd) Importer(815301076,1909f56bfc062723c751e8b465ee728b)
Start importing Assets/Scripts/Attacks using Guid(52f9910473157cc48bf38fc66590d6cd) Importer(815301076,1909f56bfc062723c751e8b465ee728b)  -> (artifact id: '6ef0cccc7b9f9170700949cfd87b53fc') in 0.003410 seconds 
  Import took 0.007850 seconds .

========================================================================
Received Import Request.
  Time since last request: 40.844010 seconds.
  path: Assets/Scripts/Enemy
  artifactKey: Guid(47dec47498bb0944f8bf8d4c3558eb66) Importer(815301076,1909f56bfc062723c751e8b465ee728b)
Start importing Assets/Scripts/Enemy using Guid(47dec47498bb0944f8bf8d4c3558eb66) Importer(815301076,1909f56bfc062723c751e8b465ee728b)  -> (artifact id: '51a7b547867dc681abb5ea5871137d73') in 0.021993 seconds 
  Import took 0.024882 seconds .

========================================================================
Received Import Request.
  Time since last request: 1.247614 seconds.
  path: Assets/Scripts/Enemy/EnemyHealth.cs
  artifactKey: Guid(aa10cc87aff30c04dbe0aa648f5b6adc) Importer(815301076,1909f56bfc062723c751e8b465ee728b)
Start importing Assets/Scripts/Enemy/EnemyHealth.cs using Guid(aa10cc87aff30c04dbe0aa648f5b6adc) Importer(815301076,1909f56bfc062723c751e8b465ee728b)  -> (artifact id: 'b7619945722aed4a1be15e961d3a6658') in 0.035668 seconds 
  Import took 0.038423 seconds .

========================================================================
Received Import Request.
  Time since last request: 1.908040 seconds.
  path: Assets/Scripts/Player
  artifactKey: Guid(243b5b4a2598bab4694369a63926e961) Importer(815301076,1909f56bfc062723c751e8b465ee728b)
Start importing Assets/Scripts/Player using Guid(243b5b4a2598bab4694369a63926e961) Importer(815301076,1909f56bfc062723c751e8b465ee728b)  -> (artifact id: '99da10d613ff07b3bb8684622b73dfc9') in 0.099892 seconds 
  Import took 0.103063 seconds .

========================================================================
Received Import Request.
  Time since last request: 1.346519 seconds.
  path: Assets/Scripts/Player/PlayerInputPC.cs
  artifactKey: Guid(6facc5dfb546f40fca6805ab50138530) Importer(815301076,1909f56bfc062723c751e8b465ee728b)
Start importing Assets/Scripts/Player/PlayerInputPC.cs using Guid(6facc5dfb546f40fca6805ab50138530) Importer(815301076,1909f56bfc062723c751e8b465ee728b)  -> (artifact id: 'de4681514caf4b5ba3517a779cd1150a') in 0.003678 seconds 
  Import took 0.006973 seconds .

========================================================================
Received Import Request.
  Time since last request: 0.000577 seconds.
  path: Assets/Scripts/Player/PlayerInputPC.cs
  artifactKey: Guid(6facc5dfb546f40fca6805ab50138530) Importer(815301076,1909f56bfc062723c751e8b465ee728b)
Start importing Assets/Scripts/Player/PlayerInputPC.cs using Guid(6facc5dfb546f40fca6805ab50138530) Importer(815301076,1909f56bfc062723c751e8b465ee728b)  -> (artifact id: 'de4681514caf4b5ba3517a779cd1150a') in 0.044076 seconds 
  Import took 0.046719 seconds .

========================================================================
Received Import Request.
  Time since last request: 0.922262 seconds.
  path: Assets/Scripts/Player/PlayerAttack.cs
  artifactKey: Guid(aee14ddcd545a8544ba644f50b66e7f2) Importer(815301076,1909f56bfc062723c751e8b465ee728b)
Start importing Assets/Scripts/Player/PlayerAttack.cs using Guid(aee14ddcd545a8544ba644f50b66e7f2) Importer(815301076,1909f56bfc062723c751e8b465ee728b)  -> (artifact id: '804733bbb10bf65a427b2431996da4c6') in 0.003887 seconds 
  Import took 0.007763 seconds .

========================================================================
Received Import Request.
  Time since last request: 23.559724 seconds.
  path: Assets/Scripts/Player/PlayerHealth.cs
  artifactKey: Guid(c32067ea884548644b13cf9baddd4573) Importer(815301076,1909f56bfc062723c751e8b465ee728b)
Start importing Assets/Scripts/Player/PlayerHealth.cs using Guid(c32067ea884548644b13cf9baddd4573) Importer(815301076,1909f56bfc062723c751e8b465ee728b)  -> (artifact id: '27e1728b1fef91b5c6e1bdaa9ab781e4') in 0.003254 seconds 
  Import took 0.006034 seconds .

========================================================================
Received Import Request.
  Time since last request: 0.000656 seconds.
  path: Assets/Scripts/Player/PlayerHealth.cs
  artifactKey: Guid(c32067ea884548644b13cf9baddd4573) Importer(815301076,1909f56bfc062723c751e8b465ee728b)
Start importing Assets/Scripts/Player/PlayerHealth.cs using Guid(c32067ea884548644b13cf9baddd4573) Importer(815301076,1909f56bfc062723c751e8b465ee728b)  -> (artifact id: '27e1728b1fef91b5c6e1bdaa9ab781e4') in 0.113961 seconds 
  Import took 0.116416 seconds .

========================================================================
Received Import Request.
  Time since last request: 7.909767 seconds.
  path: Assets/Scripts/Player/PlayerInputTouch.cs
  artifactKey: Guid(cb7367936bf0a4ba881820f6a3fe9d11) Importer(815301076,1909f56bfc062723c751e8b465ee728b)
Start importing Assets/Scripts/Player/PlayerInputTouch.cs using Guid(cb7367936bf0a4ba881820f6a3fe9d11) Importer(815301076,1909f56bfc062723c751e8b465ee728b)  -> (artifact id: '0aae0c8f60429262ef2decbeca54858f') in 0.002992 seconds 
  Import took 0.006442 seconds .

========================================================================
Received Import Request.
  Time since last request: 0.004365 seconds.
  path: Assets/Scripts/Player/PlayerInputTouch.cs
  artifactKey: Guid(cb7367936bf0a4ba881820f6a3fe9d11) Importer(815301076,1909f56bfc062723c751e8b465ee728b)
Start importing Assets/Scripts/Player/PlayerInputTouch.cs using Guid(cb7367936bf0a4ba881820f6a3fe9d11) Importer(815301076,1909f56bfc062723c751e8b465ee728b)  -> (artifact id: '0aae0c8f60429262ef2decbeca54858f') in 0.002877 seconds 
  Import took 0.005668 seconds .

========================================================================
Received Import Request.
  Time since last request: 3.316746 seconds.
  path: Assets/Scripts/Player/PlayerSelect.cs
  artifactKey: Guid(3270a0cc0ee8b45bc957aa7c438d320d) Importer(815301076,1909f56bfc062723c751e8b465ee728b)
Start importing Assets/Scripts/Player/PlayerSelect.cs using Guid(3270a0cc0ee8b45bc957aa7c438d320d) Importer(815301076,1909f56bfc062723c751e8b465ee728b)  -> (artifact id: 'a42f661cdf0eec0468bc7ad6cc4e1a62') in 0.003429 seconds 
  Import took 0.006156 seconds .

========================================================================
Received Import Request.
  Time since last request: 0.000618 seconds.
  path: Assets/Scripts/Player/PlayerSelect.cs
  artifactKey: Guid(3270a0cc0ee8b45bc957aa7c438d320d) Importer(815301076,1909f56bfc062723c751e8b465ee728b)
Start importing Assets/Scripts/Player/PlayerSelect.cs using Guid(3270a0cc0ee8b45bc957aa7c438d320d) Importer(815301076,1909f56bfc062723c751e8b465ee728b)  -> (artifact id: 'a42f661cdf0eec0468bc7ad6cc4e1a62') in 0.003177 seconds 
  Import took 0.006396 seconds .

========================================================================
Received Import Request.
  Time since last request: 9.034795 seconds.
  path: Assets/Scripts/Player/Ally.cs
  artifactKey: Guid(2b7f34c7f3851544b9855c15190b98a6) Importer(815301076,1909f56bfc062723c751e8b465ee728b)
Start importing Assets/Scripts/Player/Ally.cs using Guid(2b7f34c7f3851544b9855c15190b98a6) Importer(815301076,1909f56bfc062723c751e8b465ee728b)  -> (artifact id: 'aba8352c35b5205bca1e132f2a9a2f64') in 0.004317 seconds 
  Import took 0.008769 seconds .

========================================================================
Received Import Request.
  Time since last request: 9.381212 seconds.
  path: Assets/Scripts/Player/PlayerMoviment.cs
  artifactKey: Guid(3e2e705b369222b4ab452617959fad75) Importer(815301076,1909f56bfc062723c751e8b465ee728b)
Start importing Assets/Scripts/Player/PlayerMoviment.cs using Guid(3e2e705b369222b4ab452617959fad75) Importer(815301076,1909f56bfc062723c751e8b465ee728b)  -> (artifact id: 'cc9994155eaafc9230d03122bbecbb65') in 0.045764 seconds 
  Import took 0.048566 seconds .

========================================================================
Received Import Request.
  Time since last request: 6.281606 seconds.
  path: Assets/Scripts/Player/PlayerMovement.cs
  artifactKey: Guid(9b2268f9c7df8764aa2e92dbf55b5ae1) Importer(815301076,1909f56bfc062723c751e8b465ee728b)
Start importing Assets/Scripts/Player/PlayerMovement.cs using Guid(9b2268f9c7df8764aa2e92dbf55b5ae1) Importer(815301076,1909f56bfc062723c751e8b465ee728b)  -> (artifact id: '9055dd619158a4a22526b61c1d66b84d') in 0.004255 seconds 
  Import took 0.008277 seconds .

========================================================================
Received Import Request.
  Time since last request: 0.000978 seconds.
  path: Assets/Scripts/Player/PlayerMovement.cs
  artifactKey: Guid(9b2268f9c7df8764aa2e92dbf55b5ae1) Importer(815301076,1909f56bfc062723c751e8b465ee728b)
Start importing Assets/Scripts/Player/PlayerMovement.cs using Guid(9b2268f9c7df8764aa2e92dbf55b5ae1) Importer(815301076,1909f56bfc062723c751e8b465ee728b)  -> (artifact id: '9055dd619158a4a22526b61c1d66b84d') in 0.002583 seconds 
  Import took 0.005112 seconds .

========================================================================
Received Import Request.
  Time since last request: 17.903614 seconds.
  path: Assets/Scripts/Enemy/EnemyAttack.cs
  artifactKey: Guid(bc28e8f7dbbe7494a8d67b6f5f3636bc) Importer(815301076,1909f56bfc062723c751e8b465ee728b)
Start importing Assets/Scripts/Enemy/EnemyAttack.cs using Guid(bc28e8f7dbbe7494a8d67b6f5f3636bc) Importer(815301076,1909f56bfc062723c751e8b465ee728b)  -> (artifact id: 'f172c1420397058189fa6f157b11dda2') in 0.002938 seconds 
  Import took 0.005528 seconds .

========================================================================
Received Import Request.
  Time since last request: 0.001339 seconds.
  path: Assets/Scripts/Enemy/EnemyAttack.cs
  artifactKey: Guid(bc28e8f7dbbe7494a8d67b6f5f3636bc) Importer(815301076,1909f56bfc062723c751e8b465ee728b)
Start importing Assets/Scripts/Enemy/EnemyAttack.cs using Guid(bc28e8f7dbbe7494a8d67b6f5f3636bc) Importer(815301076,1909f56bfc062723c751e8b465ee728b)  -> (artifact id: 'f172c1420397058189fa6f157b11dda2') in 0.019368 seconds 
  Import took 0.022690 seconds .

========================================================================
Received Import Request.
  Time since last request: 29.465991 seconds.
  path: Assets/Models/Characters/ZomBear.fbx
  artifactKey: Guid(c236aa7ad6dcabe47abc7d2cf903ae71) Importer(815301076,1909f56bfc062723c751e8b465ee728b)
Start importing Assets/Models/Characters/ZomBear.fbx using Guid(c236aa7ad6dcabe47abc7d2cf903ae71) Importer(815301076,1909f56bfc062723c751e8b465ee728b)  -> (artifact id: '3628a6d917ef009be9c6432f77e17b97') in 0.304142 seconds 
  Import took 0.307512 seconds .

========================================================================
Received Import Request.
  Time since last request: 0.015320 seconds.
  path: Assets/Models/Characters/Hellephant.fbx
  artifactKey: Guid(b77f122f451a2394898a24191c26107c) Importer(815301076,1909f56bfc062723c751e8b465ee728b)
Start importing Assets/Models/Characters/Hellephant.fbx using Guid(b77f122f451a2394898a24191c26107c) Importer(815301076,1909f56bfc062723c751e8b465ee728b)  -> (artifact id: '22f2cec0f93e21aeff20a1214c2e9149') in 0.336542 seconds 
  Import took 0.339567 seconds .

========================================================================
Received Import Request.
  Time since last request: 14.271553 seconds.
  path: Assets/Scenes/SampleScene.unity
  artifactKey: Guid(9fc0d4010bbf28b4594072e72b8655ab) Importer(815301076,1909f56bfc062723c751e8b465ee728b)
Start importing Assets/Scenes/SampleScene.unity using Guid(9fc0d4010bbf28b4594072e72b8655ab) Importer(815301076,1909f56bfc062723c751e8b465ee728b)  -> (artifact id: 'da8ada21ed4415afd374863ad135859a') in 0.006517 seconds 
  Import took 0.009392 seconds .

========================================================================
Received Import Request.
  Time since last request: 0.003817 seconds.
  path: Assets/Scenes/SampleScene.unity
  artifactKey: Guid(9fc0d4010bbf28b4594072e72b8655ab) Importer(815301076,1909f56bfc062723c751e8b465ee728b)
Start importing Assets/Scenes/SampleScene.unity using Guid(9fc0d4010bbf28b4594072e72b8655ab) Importer(815301076,1909f56bfc062723c751e8b465ee728b)  -> (artifact id: 'da8ada21ed4415afd374863ad135859a') in 0.003435 seconds 
  Import took 0.007614 seconds .

AssetImportWorkerClient::OnTransportError - code=2 error=End of file
